<?xml version="1.0" encoding="UTF-8"?>
<testng-results ignored="0" total="1" passed="1" failed="0" skipped="0">
  <reporter-output>
  </reporter-output>
  <suite started-at="2023-11-07T20:08:33Z" name="Suite" finished-at="2023-11-07T20:10:35Z" duration-ms="122085">
    <groups>
    </groups>
    <test started-at="2023-11-07T20:08:33Z" name="Test ran in Chrome Browser" finished-at="2023-11-07T20:10:35Z" duration-ms="122085">
      <class name="com.qa.testCases.AmazonTest">
        <test-method is-config="true" signature="setUpTest(java.lang.String)[pri:0, instance:com.qa.testCases.AmazonTest@11e21d0e]" started-at="2023-11-07T20:08:33Z" name="setUpTest" finished-at="2023-11-07T20:08:37Z" duration-ms="4597" status="PASS">
          <params>
            <param index="0">
              <value>
                <![CDATA[chrome]]>
              </value>
            </param>
          </params>
          <reporter-output>
          </reporter-output>
        </test-method> <!-- setUpTest -->
        <test-method signature="goToHomePage()[pri:0, instance:com.qa.testCases.AmazonTest@11e21d0e]" started-at="2023-11-07T20:08:37Z" name="goToHomePage" finished-at="2023-11-07T20:10:35Z" duration-ms="117481" status="PASS">
          <reporter-output>
          </reporter-output>
        </test-method> <!-- goToHomePage -->
        <test-method is-config="true" signature="tearDown()[pri:0, instance:com.qa.testCases.AmazonTest@11e21d0e]" started-at="2023-11-07T20:10:35Z" name="tearDown" finished-at="2023-11-07T20:10:35Z" duration-ms="0" status="PASS">
          <reporter-output>
          </reporter-output>
        </test-method> <!-- tearDown -->
      </class> <!-- com.qa.testCases.AmazonTest -->
    </test> <!-- Test ran in Chrome Browser -->
  </suite> <!-- Suite -->
</testng-results>
